2022-03-21 ark
2022-03-21 autoconf
2022-03-21 automake
2022-03-21 base
2022-03-21 binutils
2022-03-21 bison
2022-03-21 btrfs-progs
2022-03-21 dolphin
2022-03-21 egl-wayland
2022-03-21 fakeroot
2022-03-21 file
2022-03-21 findutils
2022-03-21 fish
2022-03-21 flex
2022-03-21 gawk
2022-03-21 gcc
2022-03-21 gettext
2022-03-21 git
2022-03-21 grep
2022-03-21 groff
2022-03-21 grub
2022-03-21 gst-plugin-pipewire
2022-03-21 gzip
2022-03-21 hub
2022-03-21 intel-media-driver
2022-03-21 kate
2022-03-21 konsole
2022-03-21 libpulse
2022-03-21 libva-intel-driver
2022-03-21 libva-mesa-driver
2022-03-21 m4
2022-03-21 make
2022-03-21 moreutils
2022-03-21 mpv
2022-03-21 neovim
2022-03-21 open-vm-tools
2022-03-21 pacman
2022-03-21 patch
2022-03-21 pipewire
2022-03-21 pipewire-alsa
2022-03-21 pipewire-jack
2022-03-21 pipewire-media-session
2022-03-21 pipewire-pulse
2022-03-21 pkgconf
2022-03-21 plasma-wayland-session
2022-03-21 sddm
2022-03-21 sed
2022-03-21 sshfs
2022-03-21 stow
2022-03-21 sudo
2022-03-21 texinfo
2022-03-21 trash-cli
2022-03-21 ttf-fira-code
2022-03-21 vulkan-intel
2022-03-21 vulkan-radeon
2022-03-21 which
2022-03-21 xf86-video-amdgpu
2022-03-21 xf86-video-ati
2022-03-21 xf86-video-nouveau
2022-03-21 xf86-video-vmware
2022-03-21 xorg-server
2022-03-21 xorg-xinit
2022-03-21 yt-dlp
2022-03-21 zram-generator
2022-03-22 ipython
2022-03-22 libtool
2022-03-22 nodejs
2022-03-22 python-pipx
2022-03-22 python-pyclip
2022-03-22 sublime-text-4
2022-03-22 yay
2022-03-23 fd
2022-03-23 firefox
2022-03-23 linux-zen
2022-03-23 man-db
2022-03-23 networkmanager
2022-03-23 plasma-meta
2022-03-23 ttc-iosevka-super
2022-03-23 wget
2022-03-24 rustup
2022-03-24 z
2022-03-25 projector-installer
2022-03-29 expac
